The happiest hour ever is between 1pm - 2pm on 31 December, 2021 with an overall sentiment score of 3658.9521439257037
31 December, 2021 was the happiest day with an overall sentiment score of 30402.262571420342
The most active hour ever is between 12pm - 1pm on 21 May, 2022 with 39061 tweets
21 May, 2022 was the most active day with with 424372 tweets
--- 3476.475198507309 seconds ---
Job ID           : 58239948
Cluster          : spartan
User/Project     : sthirumalais/comp90024
Nodes            : 2
Wall-clock time  : 00:58:02 / 04:00:00

Displaying overall resources usage from 2024-04-11 12:22:10 to 2024-04-11 13:20:12:

NODE            CPU#        TOT%   ( USR   / SYS   / WIO   / IDLE  ) 

spartan-bm169 : 
                CPU# 1    : 99.6   (  94.7 /   4.9 /   0.0 /   0.4 ) 
                CPU# 2    : 99.6   (  94.9 /   4.7 /   0.0 /   0.4 ) 
                CPU# 3    : 99.6   (  94.8 /   4.9 /   0.0 /   0.4 ) 
                CPU# 4    : 99.6   (  94.9 /   4.7 /   0.0 /   0.4 ) 

spartan-bm170 : 
                CPU# 5    : 94.6   (  90.2 /   4.4 /   0.0 /   5.4 ) 
                CPU# 6    : 93.6   (  89.4 /   4.2 /   6.4 /   0.0 ) 
                CPU# 7    : 94.4   (  90.2 /   4.2 /   0.0 /   5.6 ) 
                CPU# 8    : 94.4   (  89.9 /   4.5 /   0.0 /   5.6 ) 


Allocated CPUs            : 8    
  CPUs with usage <25%    : 0    
  CPUs with usage <50%    : 0    
  CPUs with usage >50%    : 8    

Memory used (RAM)         : 0.0%  [5MB of 33555MB]

--------------------------------------------

